# JRE version: OpenJDK Runtime Environment Temurin-17.0.1+12 (17.0.1+12) (build 17.0.1+12)
# Java VM: OpenJDK 64-Bit Server VM Temurin-17.0.1+12 (17.0.1+12, mixed mode, emulated-client, tiered, compressed oops, compressed class ptrs, g1 gc, linux-amd64)
GC Precious Log:
 CPUs: 4 total, 4 available
 Memory: 3603M
 Large Page Support: Disabled
 NUMA Support: Disabled
 Compressed Oops: Enabled (32-bit)
 Heap Region Size: 1M
 Heap Min Capacity: 8M
 Heap Initial Capacity: 58M
 Heap Max Capacity: 902M
 Pre-touch: Disabled
 Parallel Workers: 4
 Concurrent Workers: 1
 Concurrent Refinement Workers: 4
 Periodic GC: Disabled
Heap:
 garbage-first heap   total 184320K, used 42194K [0x00000000c7a00000, 0x0000000100000000)
  region size 1024K, 22 young (22528K), 5 survivors (5120K)
 Metaspace       used 57140K, committed 57536K, reserved 1105920K
  class space    used 7568K, committed 7744K, reserved 1048576K
GC Heap History (20 events):
Event: 614.023 GC heap before
{Heap before GC invocations=39 (full 5):
 garbage-first heap   total 61440K, used 47063K [0x00000000c7a00000, 0x0000000100000000)
  region size 1024K, 31 young (31744K), 4 survivors (4096K)
 Metaspace       used 55822K, committed 56320K, reserved 1097728K
  class space    used 7394K, committed 7616K, reserved 1048576K
}
Event: 614.033 GC heap after
{Heap after GC invocations=40 (full 5):
 garbage-first heap   total 61440K, used 20155K [0x00000000c7a00000, 0x0000000100000000)
  region size 1024K, 1 young (1024K), 1 survivors (1024K)
 Metaspace       used 55822K, committed 56320K, reserved 1097728K
  class space    used 7394K, committed 7616K, reserved 1048576K
}
Event: 614.373 GC heap before
{Heap before GC invocations=40 (full 5):
 garbage-first heap   total 61440K, used 47803K [0x00000000c7a00000, 0x0000000100000000)
  region size 1024K, 29 young (29696K), 1 survivors (1024K)
 Metaspace       used 55851K, committed 56320K, reserved 1097728K
  class space    used 7397K, committed 7616K, reserved 1048576K
}
Event: 614.376 GC heap after
{Heap after GC invocations=41 (full 5):
 garbage-first heap   total 61440K, used 21944K [0x00000000c7a00000, 0x0000000100000000)
  region size 1024K, 2 young (2048K), 2 survivors (2048K)
 Metaspace       used 55851K, committed 56320K, reserved 1097728K
  class space    used 7397K, committed 7616K, reserved 1048576K
}
Event: 649.668 GC heap before
{Heap before GC invocations=41 (full 5):
 garbage-first heap   total 61440K, used 49592K [0x00000000c7a00000, 0x0000000100000000)
  region size 1024K, 29 young (29696K), 2 survivors (2048K)
 Metaspace       used 55980K, committed 56384K, reserved 1097728K
  class space    used 7436K, committed 7616K, reserved 1048576K
}
Event: 649.676 GC heap after
{Heap after GC invocations=42 (full 5):
 garbage-first heap   total 61440K, used 22208K [0x00000000c7a00000, 0x0000000100000000)
  region size 1024K, 3 young (3072K), 3 survivors (3072K)
 Metaspace       used 55980K, committed 56384K, reserved 1097728K
  class space    used 7436K, committed 7616K, reserved 1048576K
}
Event: 690.713 GC heap before
{Heap before GC invocations=42 (full 5):
 garbage-first heap   total 61440K, used 48832K [0x00000000c7a00000, 0x0000000100000000)
  region size 1024K, 29 young (29696K), 3 survivors (3072K)
 Metaspace       used 55980K, committed 56384K, reserved 1097728K
  class space    used 7436K, committed 7616K, reserved 1048576K
}
Event: 690.722 GC heap after
{Heap after GC invocations=43 (full 5):
 garbage-first heap   total 61440K, used 22111K [0x00000000c7a00000, 0x0000000100000000)
  region size 1024K, 2 young (2048K), 2 survivors (2048K)
 Metaspace       used 55980K, committed 56384K, reserved 1097728K
  class space    used 7436K, committed 7616K, reserved 1048576K
}
Event: 733.492 GC heap before
{Heap before GC invocations=43 (full 5):
 garbage-first heap   total 61440K, used 49759K [0x00000000c7a00000, 0x0000000100000000)
  region size 1024K, 29 young (29696K), 2 survivors (2048K)
 Metaspace       used 55980K, committed 56384K, reserved 1097728K
  class space    used 7436K, committed 7616K, reserved 1048576K
}
Event: 733.500 GC heap after
{Heap after GC invocations=44 (full 5):
 garbage-first heap   total 61440K, used 21847K [0x00000000c7a00000, 0x0000000100000000)
  region size 1024K, 2 young (2048K), 2 survivors (2048K)
 Metaspace       used 55980K, committed 56384K, reserved 1097728K
  class space    used 7436K, committed 7616K, reserved 1048576K
}
Event: 768.921 GC heap before
{Heap before GC invocations=44 (full 5):
 garbage-first heap   total 61440K, used 50519K [0x00000000c7a00000, 0x0000000100000000)
  region size 1024K, 30 young (30720K), 2 survivors (2048K)
 Metaspace       used 55988K, committed 56384K, reserved 1097728K
  class space    used 7439K, committed 7616K, reserved 1048576K
}
Event: 768.924 GC heap after
{Heap after GC invocations=45 (full 5):
 garbage-first heap   total 61440K, used 22521K [0x00000000c7a00000, 0x0000000100000000)
  region size 1024K, 3 young (3072K), 3 survivors (3072K)
 Metaspace       used 55988K, committed 56384K, reserved 1097728K
  class space    used 7439K, committed 7616K, reserved 1048576K
}
Event: 769.058 GC heap before
{Heap before GC invocations=45 (full 5):
 garbage-first heap   total 61440K, used 49145K [0x00000000c7a00000, 0x0000000100000000)
  region size 1024K, 30 young (30720K), 3 survivors (3072K)
 Metaspace       used 56006K, committed 56448K, reserved 1097728K
  class space    used 7443K, committed 7616K, reserved 1048576K
}
Event: 769.065 GC heap after
{Heap after GC invocations=46 (full 5):
 garbage-first heap   total 61440K, used 24067K [0x00000000c7a00000, 0x0000000100000000)
  region size 1024K, 3 young (3072K), 3 survivors (3072K)
 Metaspace       used 56006K, committed 56448K, reserved 1097728K
  class space    used 7443K, committed 7616K, reserved 1048576K
}
Event: 769.069 GC heap before
{Heap before GC invocations=46 (full 5):
 garbage-first heap   total 61440K, used 48643K [0x00000000c7a00000, 0x0000000100000000)
  region size 1024K, 28 young (28672K), 3 survivors (3072K)
 Metaspace       used 56006K, committed 56448K, reserved 1097728K
  class space    used 7443K, committed 7616K, reserved 1048576K
}
Event: 769.073 GC heap after
{Heap after GC invocations=47 (full 5):
 garbage-first heap   total 61440K, used 24079K [0x00000000c7a00000, 0x0000000100000000)
  region size 1024K, 2 young (2048K), 2 survivors (2048K)
 Metaspace       used 56006K, committed 56448K, reserved 1097728K
  class space    used 7443K, committed 7616K, reserved 1048576K
}
Event: 769.245 GC heap before
{Heap before GC invocations=47 (full 5):
 garbage-first heap   total 61440K, used 49679K [0x00000000c7a00000, 0x0000000100000000)
  region size 1024K, 28 young (28672K), 2 survivors (2048K)
 Metaspace       used 56038K, committed 56448K, reserved 1097728K
  class space    used 7446K, committed 7616K, reserved 1048576K
}
Event: 769.250 GC heap after
{Heap after GC invocations=48 (full 5):
 garbage-first heap   total 184320K, used 25269K [0x00000000c7a00000, 0x0000000100000000)
  region size 1024K, 3 young (3072K), 3 survivors (3072K)
 Metaspace       used 56038K, committed 56448K, reserved 1097728K
  class space    used 7446K, committed 7616K, reserved 1048576K
}
Event: 812.978 GC heap before
{Heap before GC invocations=48 (full 5):
 garbage-first heap   total 184320K, used 131765K [0x00000000c7a00000, 0x0000000100000000)
  region size 1024K, 108 young (110592K), 3 survivors (3072K)
 Metaspace       used 57110K, committed 57536K, reserved 1105920K
  class space    used 7568K, committed 7744K, reserved 1048576K
}
Event: 812.993 GC heap after
{Heap after GC invocations=49 (full 5):
 garbage-first heap   total 184320K, used 26834K [0x00000000c7a00000, 0x0000000100000000)
  region size 1024K, 5 young (5120K), 5 survivors (5120K)
 Metaspace       used 57110K, committed 57536K, reserved 1105920K
  class space    used 7568K, committed 7744K, reserved 1048576K
}

